{
  "uid" : "d002b9de494913a4",
  "name" : "test_user_can_add_product_to_basket[Browser: Chrome]",
  "fullName" : "test_product_page.TestUserAddToBasketFromProductPage#test_user_can_add_product_to_basket",
  "historyId" : "12d002803a224271367b4dc8e840ceb6",
  "time" : {
    "start" : 1651242538756,
    "stop" : 1651242538756,
    "duration" : 0
  },
  "status" : "failed",
  "statusMessage" : "AssertionError: User icon is not presented, probably unauthorised user",
  "statusTrace" : "E   AssertionError: User icon is not presented, probably unauthorised user",
  "flaky" : false,
  "newFailed" : false,
  "newBroken" : false,
  "newPassed" : false,
  "retriesCount" : 0,
  "retriesStatusChange" : false,
  "beforeStages" : [ {
    "name" : "browser",
    "time" : {
      "start" : 1651242527418,
      "stop" : 1651242530250,
      "duration" : 2832
    },
    "status" : "passed",
    "steps" : [ ],
    "attachments" : [ ],
    "parameters" : [ ],
    "stepsCount" : 0,
    "attachmentsCount" : 0,
    "shouldDisplayMessage" : false,
    "hasContent" : false
  }, {
    "name" : "setup",
    "time" : {
      "start" : 1651242538756,
      "stop" : 1651242546670,
      "duration" : 7914
    },
    "status" : "failed",
    "statusMessage" : "AssertionError: User icon is not presented, probably unauthorised user\n",
    "statusTrace" : "  File \"/opt/hostedtoolcache/Python/3.10.4/x64/lib/python3.10/site-packages/pluggy/_callers.py\", line 39, in _multicall\n    res = hook_impl.function(*args)\n  File \"/opt/hostedtoolcache/Python/3.10.4/x64/lib/python3.10/site-packages/_pytest/fixtures.py\", line 1126, in pytest_fixture_setup\n    result = call_fixture_func(fixturefunc, request, kwargs)\n  File \"/opt/hostedtoolcache/Python/3.10.4/x64/lib/python3.10/site-packages/_pytest/fixtures.py\", line 932, in call_fixture_func\n    fixture_result = fixturefunc(**kwargs)\n  File \"/home/runner/work/auto_py_final/auto_py_final/test_product_page.py\", line 90, in setup\n    page.should_be_authorized_user()\n  File \"/home/runner/work/auto_py_final/auto_py_final/pages/base_page.py\", line 68, in should_be_authorized_user\n    assert self.is_element_present(*BasePageLocators.USER_ICON), \"User icon is not presented,\" \\\n",
    "steps" : [ ],
    "attachments" : [ ],
    "parameters" : [ ],
    "stepsCount" : 0,
    "attachmentsCount" : 0,
    "shouldDisplayMessage" : true,
    "hasContent" : true
  } ],
  "afterStages" : [ {
    "name" : "browser::<lambda>",
    "time" : {
      "start" : 1651242546675,
      "stop" : 1651242546728,
      "duration" : 53
    },
    "status" : "passed",
    "steps" : [ ],
    "attachments" : [ ],
    "parameters" : [ ],
    "stepsCount" : 0,
    "attachmentsCount" : 0,
    "shouldDisplayMessage" : false,
    "hasContent" : false
  } ],
  "labels" : [ {
    "name" : "tag",
    "value" : "need_review"
  }, {
    "name" : "tag",
    "value" : "new"
  }, {
    "name" : "suite",
    "value" : "test_product_page"
  }, {
    "name" : "subSuite",
    "value" : "TestUserAddToBasketFromProductPage"
  }, {
    "name" : "host",
    "value" : "fv-az124-269"
  }, {
    "name" : "thread",
    "value" : "2561-MainThread"
  }, {
    "name" : "framework",
    "value" : "pytest"
  }, {
    "name" : "language",
    "value" : "cpython3"
  }, {
    "name" : "package",
    "value" : "test_product_page"
  }, {
    "name" : "resultFormat",
    "value" : "allure2"
  } ],
  "parameters" : [ {
    "name" : "browser",
    "value" : "'Chrome'"
  } ],
  "links" : [ ],
  "hidden" : false,
  "retry" : false,
  "extra" : {
    "severity" : "normal",
    "retries" : [ ],
    "categories" : [ {
      "name" : "Product defects",
      "matchedStatuses" : [ ],
      "flaky" : false
    } ],
    "tags" : [ "new", "need_review" ]
  },
  "source" : "d002b9de494913a4.json",
  "parameterValues" : [ "'Chrome'" ]
}